<?xml version="1.0" encoding="UTF-8"?>
<!-- Generated by org.testng.reporters.JUnitReportReporter -->
<testsuite hostname="LAPTOP-C0J4AQDJ" failures="0" tests="2" name="hi.abc" time="0.008" errors="0" timestamp="2023-11-02T06:27:30 EDT" skipped="0">
  <testcase classname="hi.abc" name="setprop" time="0.001"/>
  <testcase classname="hi.abc" name="getprop" time="0.007"/>
</testsuite> <!-- hi.abc -->
