<?xml version="1.0" encoding="UTF-8"?>
<!-- Generated by org.testng.reporters.JUnitReportReporter -->
<testsuite hostname="LAPTOP-C0J4AQDJ" failures="0" tests="1" name="hi.fhello" time="0.865" errors="0" timestamp="2023-11-02T05:58:16 EDT" skipped="0">
  <testcase classname="hi.fhello" name="setvalue" time="0.865"/>
</testsuite> <!-- hi.fhello -->
