<?xml version="1.0" encoding="UTF-8"?>
<!-- Generated by org.testng.reporters.JUnitReportReporter -->
<testsuite hostname="LAPTOP-C0J4AQDJ" failures="0" tests="2" name="hi.hello" time="0.007" errors="0" timestamp="2023-10-31T02:08:37 EDT" skipped="0">
  <testcase classname="hi.hello" name="print" time="0.001"/>
  <testcase classname="hi.hello" name="print" time="0.006"/>
</testsuite> <!-- hi.hello -->
